18:17:45.501 [background-preinit] INFO  o.h.validator.internal.util.Version - HV000001: Hibernate Validator 6.2.0.Final
18:17:45.512 [restartedMain] INFO  com.devteam.digital.ApiApplication - Starting ApiApplication using Java 15.0.2 on ddthien with PID 2212 (E:\Digital\demo\digital\build\classes\java\main started by ddthien in E:\Digital\demo\digital)
18:17:45.512 [restartedMain] DEBUG com.devteam.digital.ApiApplication - Running with Spring Boot v2.5.6, Spring v5.3.12
18:17:45.513 [restartedMain] INFO  com.devteam.digital.ApiApplication - No active profile set, falling back to default profiles: default
18:17:45.557 [restartedMain] INFO  o.s.b.d.restart.ChangeableUrls - The Class-Path manifest attribute in C:\tools\gradle-working\caches\modules-2\files-2.1\org.glassfish.hk2\hk2\2.6.1\3b971d09e8b3d0a34c7b96cddb920164f99430d4\hk2-2.6.1.jar referenced one or more files that do not exist: file:/C:/tools/gradle-working/caches/modules-2/files-2.1/org.glassfish.hk2/hk2/2.6.1/3b971d09e8b3d0a34c7b96cddb920164f99430d4/hk2-utils.jar,file:/C:/tools/gradle-working/caches/modules-2/files-2.1/org.glassfish.hk2/hk2/2.6.1/3b971d09e8b3d0a34c7b96cddb920164f99430d4/jakarta.annotation-api.jar,file:/C:/tools/gradle-working/caches/modules-2/files-2.1/org.glassfish.hk2/hk2/2.6.1/3b971d09e8b3d0a34c7b96cddb920164f99430d4/jakarta.inject.jar,file:/C:/tools/gradle-working/caches/modules-2/files-2.1/org.glassfish.hk2/hk2/2.6.1/3b971d09e8b3d0a34c7b96cddb920164f99430d4/hk2-api.jar,file:/C:/tools/gradle-working/caches/modules-2/files-2.1/org.glassfish.hk2/hk2/2.6.1/3b971d09e8b3d0a34c7b96cddb920164f99430d4/aopalliance-repackaged.jar,file:/C:/tools/gradle-working/caches/modules-2/files-2.1/org.glassfish.hk2/hk2/2.6.1/3b971d09e8b3d0a34c7b96cddb920164f99430d4/hk2-core.jar,file:/C:/tools/gradle-working/caches/modules-2/files-2.1/org.glassfish.hk2/hk2/2.6.1/3b971d09e8b3d0a34c7b96cddb920164f99430d4/hk2-locator.jar,file:/C:/tools/gradle-working/caches/modules-2/files-2.1/org.glassfish.hk2/hk2/2.6.1/3b971d09e8b3d0a34c7b96cddb920164f99430d4/javassist.jar,file:/C:/tools/gradle-working/caches/modules-2/files-2.1/org.glassfish.hk2/hk2/2.6.1/3b971d09e8b3d0a34c7b96cddb920164f99430d4/hk2-runlevel.jar,file:/C:/tools/gradle-working/caches/modules-2/files-2.1/org.glassfish.hk2/hk2/2.6.1/3b971d09e8b3d0a34c7b96cddb920164f99430d4/class-model.jar,file:/C:/tools/gradle-working/caches/modules-2/files-2.1/org.glassfish.hk2/hk2/2.6.1/3b971d09e8b3d0a34c7b96cddb920164f99430d4/asm.jar,file:/C:/tools/gradle-working/caches/modules-2/files-2.1/org.glassfish.hk2/hk2/2.6.1/3b971d09e8b3d0a34c7b96cddb920164f99430d4/asm-analysis.jar,file:/C:/tools/gradle-working/caches/modules-2/files-2.1/org.glassfish.hk2/hk2/2.6.1/3b971d09e8b3d0a34c7b96cddb920164f99430d4/asm-commons.jar,file:/C:/tools/gradle-working/caches/modules-2/files-2.1/org.glassfish.hk2/hk2/2.6.1/3b971d09e8b3d0a34c7b96cddb920164f99430d4/asm-tree.jar,file:/C:/tools/gradle-working/caches/modules-2/files-2.1/org.glassfish.hk2/hk2/2.6.1/3b971d09e8b3d0a34c7b96cddb920164f99430d4/asm-util.jar
18:17:45.559 [restartedMain] INFO  o.s.b.d.e.DevToolsPropertyDefaultsPostProcessor - Devtools property defaults active! Set 'spring.devtools.add-properties' to 'false' to disable
18:17:45.559 [restartedMain] INFO  o.s.b.d.e.DevToolsPropertyDefaultsPostProcessor - For additional web related logging consider setting the 'logging.level.web' property to 'DEBUG'
18:17:46.267 [restartedMain] INFO  o.s.d.r.c.RepositoryConfigurationDelegate - Bootstrapping Spring Data JPA repositories in DEFAULT mode.
18:17:46.280 [restartedMain] INFO  o.s.d.r.c.RepositoryConfigurationDelegate - Finished Spring Data repository scanning in 5 ms. Found 0 JPA repository interfaces.
18:17:46.931 [restartedMain] INFO  o.s.b.w.e.tomcat.TomcatWebServer - Tomcat initialized with port(s): 9090 (http)
18:17:46.940 [restartedMain] INFO  o.a.coyote.http11.Http11NioProtocol - Initializing ProtocolHandler ["http-nio-9090"]
18:17:46.940 [restartedMain] INFO  o.a.catalina.core.StandardService - Starting service [Tomcat]
18:17:46.940 [restartedMain] INFO  o.a.catalina.core.StandardEngine - Starting Servlet engine: [Apache Tomcat/9.0.54]
18:17:47.053 [restartedMain] INFO  o.a.c.c.C.[Tomcat].[localhost].[/] - Initializing Spring embedded WebApplicationContext
18:17:47.053 [restartedMain] INFO  o.s.b.w.s.c.ServletWebServerApplicationContext - Root WebApplicationContext: initialization completed in 1493 ms
18:17:47.099 [restartedMain] INFO  com.zaxxer.hikari.HikariDataSource - HikariPool-1 - Starting...
18:17:47.243 [restartedMain] INFO  com.zaxxer.hikari.pool.HikariPool - HikariPool-1 - Added connection conn0: url=jdbc:h2:mem:4c2b23b3-b5b4-46be-bc21-374ef980cc5e user=SA
18:17:47.245 [restartedMain] INFO  com.zaxxer.hikari.HikariDataSource - HikariPool-1 - Start completed.
18:17:47.250 [restartedMain] INFO  o.s.b.a.h.H2ConsoleAutoConfiguration - H2 console available at '/h2-digital'. Database available at 'jdbc:h2:mem:4c2b23b3-b5b4-46be-bc21-374ef980cc5e'
18:17:47.398 [restartedMain] INFO  o.f.c.i.license.VersionPrinter - Flyway Community Edition 7.7.3 by Redgate
18:17:47.409 [restartedMain] INFO  o.f.c.i.database.base.DatabaseType - Database: jdbc:h2:mem:4c2b23b3-b5b4-46be-bc21-374ef980cc5e (H2 1.4)
18:17:47.465 [restartedMain] INFO  o.f.c.internal.command.DbValidate - Successfully validated 0 migrations (execution time 00:00.015s)
18:17:47.465 [restartedMain] WARN  o.f.c.internal.command.DbValidate - No migrations found. Are your locations set up correctly?
18:17:47.481 [restartedMain] INFO  o.f.c.i.s.JdbcTableSchemaHistory - Creating Schema History table "PUBLIC"."flyway_schema_history" ...
18:17:47.509 [restartedMain] INFO  o.f.c.i.s.DefaultSqlScriptExecutor - 0 rows affected
18:17:47.511 [restartedMain] INFO  o.f.c.i.s.DefaultSqlScriptExecutor - 0 rows affected
18:17:47.523 [restartedMain] INFO  o.f.core.internal.command.DbMigrate - Current version of schema "PUBLIC": << Empty Schema >>
18:17:47.528 [restartedMain] INFO  o.f.core.internal.command.DbMigrate - Schema "PUBLIC" is up to date. No migration necessary.
18:17:47.618 [restartedMain] INFO  o.h.jpa.internal.util.LogHelper - HHH000204: Processing PersistenceUnitInfo [name: default]
18:17:47.685 [restartedMain] INFO  org.hibernate.Version - HHH000412: Hibernate ORM core version 5.6.1.Final
18:17:47.815 [restartedMain] INFO  o.h.annotations.common.Version - HCANN000001: Hibernate Commons Annotations {5.1.2.Final}
18:17:47.902 [restartedMain] INFO  org.hibernate.dialect.Dialect - HHH000400: Using dialect: org.hibernate.dialect.H2Dialect
18:17:48.033 [restartedMain] INFO  org.hibernate.search.engine.Version - HSEARCH000034: Hibernate Search 5.6.1.Final
18:17:48.049 [restartedMain] INFO  o.h.e.t.j.p.i.JtaPlatformInitiator - HHH000490: Using JtaPlatform implementation: [org.hibernate.engine.transaction.jta.platform.internal.NoJtaPlatform]
18:17:48.104 [restartedMain] INFO  o.s.o.j.LocalContainerEntityManagerFactoryBean - Initialized JPA EntityManagerFactory for persistence unit 'default'
18:17:48.250 [restartedMain] WARN  o.s.b.a.o.j.JpaBaseConfiguration$JpaWebConfiguration - spring.jpa.open-in-view is enabled by default. Therefore, database queries may be performed during view rendering. Explicitly configure spring.jpa.open-in-view to disable this warning
18:17:49.121 [restartedMain] INFO  o.s.b.a.s.s.UserDetailsServiceAutoConfiguration - 

Using generated security password: 7baa033f-695e-48dd-8082-35b3ad45910e

18:17:49.299 [restartedMain] INFO  o.s.s.w.DefaultSecurityFilterChain - Will secure any request with [org.springframework.security.web.context.request.async.WebAsyncManagerIntegrationFilter@6e7c27a5, org.springframework.security.web.context.SecurityContextPersistenceFilter@6f123c80, org.springframework.security.web.header.HeaderWriterFilter@798ec8fb, org.springframework.security.web.csrf.CsrfFilter@142a9b89, org.springframework.security.web.authentication.logout.LogoutFilter@300131e0, org.springframework.security.web.authentication.UsernamePasswordAuthenticationFilter@11dfd434, org.springframework.security.web.authentication.ui.DefaultLoginPageGeneratingFilter@3d90ee4c, org.springframework.security.web.authentication.ui.DefaultLogoutPageGeneratingFilter@714a6638, org.springframework.security.web.authentication.www.BasicAuthenticationFilter@472f1384, org.springframework.security.web.savedrequest.RequestCacheAwareFilter@5eef35e0, org.springframework.security.web.servletapi.SecurityContextHolderAwareRequestFilter@61736ec7, org.springframework.security.web.authentication.AnonymousAuthenticationFilter@4e46f8a6, org.springframework.security.web.session.SessionManagementFilter@492c0b15, org.springframework.security.web.access.ExceptionTranslationFilter@7d564307, org.springframework.security.web.access.intercept.FilterSecurityInterceptor@476d187d]
18:17:49.372 [restartedMain] INFO  o.s.b.d.a.OptionalLiveReloadServer - LiveReload server is running on port 35729
18:17:49.397 [restartedMain] INFO  o.a.coyote.http11.Http11NioProtocol - Starting ProtocolHandler ["http-nio-9090"]
18:17:49.416 [restartedMain] INFO  o.s.b.w.e.tomcat.TomcatWebServer - Tomcat started on port(s): 9090 (http) with context path ''
18:17:49.429 [restartedMain] INFO  com.devteam.digital.ApiApplication - Started ApiApplication in 4.286 seconds (JVM running for 5.437)
